<?xml version="1.0" encoding="UTF-8"?>
<robot generator="Robot 6.0.1 (Python 3.10.8 on win32)" generated="20221123 19:25:21.345" rpa="false" schemaversion="3">
<suite id="s1" name="GestionIframe" source="c:\Users\dell\Desktop\robotframeworkProjet3\GestionIframe.robot">
<test id="s1-t1" name="Test gerer iframe" line="5">
<kw name="Open Browser" library="SeleniumLibrary">
<arg>https://www.selenium.dev/selenium/docs/api/java/index.html?overview-summary.html</arg>
<arg>gc</arg>
<doc>Opens a new browser instance to the optional ``url``.</doc>
<msg timestamp="20221123 19:25:21.660" level="INFO">Opening browser 'gc' to base url 'https://www.selenium.dev/selenium/docs/api/java/index.html?overview-summary.html'.</msg>
<status status="PASS" starttime="20221123 19:25:21.659" endtime="20221123 19:25:23.733"/>
</kw>
<kw name="Maximize Browser Window" library="SeleniumLibrary">
<doc>Maximizes current browser window.</doc>
<status status="PASS" starttime="20221123 19:25:23.737" endtime="20221123 19:25:23.928"/>
</kw>
<kw name="Sleep" library="BuiltIn">
<arg>3</arg>
<doc>Pauses the test executed for the given time.</doc>
<msg timestamp="20221123 19:25:26.939" level="INFO">Slept 3 seconds</msg>
<status status="PASS" starttime="20221123 19:25:23.929" endtime="20221123 19:25:26.939"/>
</kw>
<kw name="Select Frame" library="SeleniumLibrary">
<arg>name:packageListFrame</arg>
<doc>Sets frame identified by ``locator`` as the current frame.</doc>
<msg timestamp="20221123 19:25:26.940" level="INFO">Selecting frame 'name:packageListFrame'.</msg>
<status status="PASS" starttime="20221123 19:25:26.940" endtime="20221123 19:25:26.969"/>
</kw>
<kw name="Click Link" library="SeleniumLibrary">
<arg>org.openqa.selenium</arg>
<doc>Clicks a link identified by ``locator``.</doc>
<msg timestamp="20221123 19:25:26.970" level="INFO">Clicking link 'org.openqa.selenium'.</msg>
<status status="PASS" starttime="20221123 19:25:26.970" endtime="20221123 19:25:27.072"/>
</kw>
<kw name="Unselect Frame" library="SeleniumLibrary">
<doc>Sets the main frame as the current frame.</doc>
<status status="PASS" starttime="20221123 19:25:27.073" endtime="20221123 19:25:27.076"/>
</kw>
<kw name="Sleep" library="BuiltIn">
<arg>3</arg>
<doc>Pauses the test executed for the given time.</doc>
<msg timestamp="20221123 19:25:30.081" level="INFO">Slept 3 seconds</msg>
<status status="PASS" starttime="20221123 19:25:27.077" endtime="20221123 19:25:30.082"/>
</kw>
<kw name="Select Frame" library="SeleniumLibrary">
<arg>name:packageFrame</arg>
<doc>Sets frame identified by ``locator`` as the current frame.</doc>
<msg timestamp="20221123 19:25:30.084" level="INFO">Selecting frame 'name:packageFrame'.</msg>
<status status="PASS" starttime="20221123 19:25:30.083" endtime="20221123 19:25:30.110"/>
</kw>
<kw name="Click Link" library="SeleniumLibrary">
<arg>WebDriver</arg>
<doc>Clicks a link identified by ``locator``.</doc>
<msg timestamp="20221123 19:25:30.111" level="INFO">Clicking link 'WebDriver'.</msg>
<status status="PASS" starttime="20221123 19:25:30.111" endtime="20221123 19:25:30.202"/>
</kw>
<kw name="Unselect Frame" library="SeleniumLibrary">
<doc>Sets the main frame as the current frame.</doc>
<status status="PASS" starttime="20221123 19:25:30.204" endtime="20221123 19:25:30.211"/>
</kw>
<kw name="Sleep" library="BuiltIn">
<arg>3</arg>
<doc>Pauses the test executed for the given time.</doc>
<msg timestamp="20221123 19:25:33.217" level="INFO">Slept 3 seconds</msg>
<status status="PASS" starttime="20221123 19:25:30.211" endtime="20221123 19:25:33.218"/>
</kw>
<kw name="Select Frame" library="SeleniumLibrary">
<arg>name:classFrame</arg>
<doc>Sets frame identified by ``locator`` as the current frame.</doc>
<msg timestamp="20221123 19:25:33.222" level="INFO">Selecting frame 'name:classFrame'.</msg>
<status status="PASS" starttime="20221123 19:25:33.220" endtime="20221123 19:25:33.276"/>
</kw>
<kw name="Click Link" library="SeleniumLibrary">
<arg>Help</arg>
<doc>Clicks a link identified by ``locator``.</doc>
<msg timestamp="20221123 19:25:33.278" level="INFO">Clicking link 'Help'.</msg>
<status status="PASS" starttime="20221123 19:25:33.277" endtime="20221123 19:25:33.526"/>
</kw>
<kw name="Unselect Frame" library="SeleniumLibrary">
<doc>Sets the main frame as the current frame.</doc>
<status status="PASS" starttime="20221123 19:25:33.527" endtime="20221123 19:25:33.558"/>
</kw>
<kw name="Sleep" library="BuiltIn">
<arg>3</arg>
<doc>Pauses the test executed for the given time.</doc>
<msg timestamp="20221123 19:25:36.565" level="INFO">Slept 3 seconds</msg>
<status status="PASS" starttime="20221123 19:25:33.559" endtime="20221123 19:25:36.566"/>
</kw>
<kw name="Close Browser" library="SeleniumLibrary">
<doc>Closes the current browser.</doc>
<status status="PASS" starttime="20221123 19:25:36.568" endtime="20221123 19:25:40.452"/>
</kw>
<status status="PASS" starttime="20221123 19:25:21.658" endtime="20221123 19:25:40.454"/>
</test>
<status status="PASS" starttime="20221123 19:25:21.355" endtime="20221123 19:25:40.461"/>
</suite>
<statistics>
<total>
<stat pass="1" fail="0" skip="0">All Tests</stat>
</total>
<tag>
</tag>
<suite>
<stat pass="1" fail="0" skip="0" id="s1" name="GestionIframe">GestionIframe</stat>
</suite>
</statistics>
<errors>
</errors>
</robot>
